
> vibe-generated-app@1.0.0 dev
> vite


  VITE v5.4.20  ready in 248 ms

  ➜  Local:   http://localhost:3000/
  ➜  Network: http://172.20.0.83:3000/
10:10:41 AM [vite] Pre-transform error: Failed to resolve import "axios" from "src/components/InstitutionSelect.jsx". Does the file exist?
10:10:41 AM [vite] ✨ new dependencies optimized: framer-motion, lucide-react
10:10:41 AM [vite] ✨ optimized dependencies changed. reloading
10:10:42 AM [vite] Pre-transform error: Failed to resolve import "axios" from "src/components/InstitutionSelect.jsx". Does the file exist?
The file does not exist at "/home/workspace/node_modules/.vite/deps/chunk-I4MZPW7S.js?v=35394813" which is in the optimize deps directory. The dependency might be incompatible with the dep optimizer. Try adding it to `optimizeDeps.exclude`.
10:10:42 AM [vite] Internal server error: Failed to resolve import "axios" from "src/components/InstitutionSelect.jsx". Does the file exist?
  Plugin: vite:import-analysis
  File: /home/workspace/src/components/InstitutionSelect.jsx:3:18
  2  |  import React, { useEffect, useState } from "react";
  3  |  import { motion, AnimatePresence } from "framer-motion";
  4  |  import axios from "axios";
     |                     ^
  5  |  const API_BASE = import.meta.env.VITE_BACKEND_URL || "";
  6  |  export default function InstitutionSelect() {
      at TransformPluginContext._formatError (file:///home/workspace/node_modules/vite/dist/node/chunks/dep-D_zLpgQd.js:49258:41)
      at TransformPluginContext.error (file:///home/workspace/node_modules/vite/dist/node/chunks/dep-D_zLpgQd.js:49253:16)
      at normalizeUrl (file:///home/workspace/node_modules/vite/dist/node/chunks/dep-D_zLpgQd.js:64306:23)
      at process.processTicksAndRejections (node:internal/process/task_queues:105:5)
      at async file:///home/workspace/node_modules/vite/dist/node/chunks/dep-D_zLpgQd.js:64438:39
      at async Promise.all (index 3)
      at async TransformPluginContext.transform (file:///home/workspace/node_modules/vite/dist/node/chunks/dep-D_zLpgQd.js:64365:7)
      at async PluginContainer.transform (file:///home/workspace/node_modules/vite/dist/node/chunks/dep-D_zLpgQd.js:49099:18)
      at async loadAndTransform (file:///home/workspace/node_modules/vite/dist/node/chunks/dep-D_zLpgQd.js:51977:27)
      at async viteTransformMiddleware (file:///home/workspace/node_modules/vite/dist/node/chunks/dep-D_zLpgQd.js:62105:24)
